[17:24:04] [Server thread/INFO]: Starting minecraft server version 1.8.8
[17:24:04] [Server thread/INFO]: Loading properties
[17:24:04] [Server thread/INFO]: Default game type: SURVIVAL
[17:24:04] [Server thread/INFO]: This server is running CraftBukkit version git-PaperSpigot-445 (MC: 1.8.8) (Implementing API version 1.8.8-R0.1-SNAPSHOT)
[17:24:04] [Server thread/INFO]: Debug logging is disabled
[17:24:04] [Server thread/INFO]: Spigot Timings: true - Verbose: true - Interval: 5m - Length: 60m
[17:24:04] [Server thread/INFO]: Server Ping Player Sample Count: 12
[17:24:04] [Server thread/INFO]: Using 4 threads for Netty based IO
[17:24:04] [Server thread/INFO]: Data value allowed items: 
[17:24:04] [Server thread/INFO]: Generating keypair
[17:24:04] [Server thread/INFO]: Starting Minecraft server on localhost:25565
[17:24:04] [Server thread/INFO]: Your platform does not provide complete low-level API for accessing direct buffers reliably. Unless explicitly requested, heap buffer will always be preferred to avoid potential system unstability.
[17:24:04] [Server thread/INFO]: Using default channel type
[17:24:05] [Server thread/WARN]: **** SERVER IS RUNNING IN OFFLINE/INSECURE MODE!
[17:24:05] [Server thread/WARN]: The server will make no attempt to authenticate usernames. Beware.
[17:24:05] [Server thread/WARN]: Whilst this makes it possible to use BungeeCord, unless access to your server is properly restricted, it also opens up the ability for hackers to connect with any username they choose.
[17:24:05] [Server thread/WARN]: Please see http://www.spigotmc.org/wiki/firewall-guide/ for further information.
[17:24:05] [Server thread/WARN]: To change this, set "online-mode" to "true" in the server.properties file.
[17:24:05] [Server thread/INFO]: **** Beginning UUID conversion, this may take A LONG time ****
[17:24:05] [Server thread/INFO]: Preparing level "world"
[17:24:05] [Server thread/INFO]: -------- World Settings For [world] --------
[17:24:05] [Server thread/INFO]: Sending up to 10 chunks per packet
[17:24:05] [Server thread/INFO]: Max Entity Collisions: 8
[17:24:05] [Server thread/INFO]: Custom Map Seeds:  Village: 10387312 Feature: 14357617
[17:24:05] [Server thread/INFO]: Max TNT Explosions: 100
[17:24:05] [Server thread/INFO]: Tile Max Tick Time: 50ms Entity max Tick Time: 50ms
[17:24:05] [Server thread/INFO]: Anti X-Ray: true
[17:24:05] [Server thread/INFO]: 	Engine Mode: 1
[17:24:05] [Server thread/INFO]: 	Hidden Blocks: [14, 15, 16, 21, 48, 49, 54, 56, 73, 74, 82, 129, 130]
[17:24:05] [Server thread/INFO]: 	Replace Blocks: [1, 5]
[17:24:05] [Server thread/INFO]: Nerfing mobs spawned from spawners: false
[17:24:05] [Server thread/INFO]: Cactus Growth Modifier: 100%
[17:24:05] [Server thread/INFO]: Cane Growth Modifier: 100%
[17:24:05] [Server thread/INFO]: Melon Growth Modifier: 100%
[17:24:05] [Server thread/INFO]: Mushroom Growth Modifier: 100%
[17:24:05] [Server thread/INFO]: Pumpkin Growth Modifier: 100%
[17:24:05] [Server thread/INFO]: Sapling Growth Modifier: 100%
[17:24:05] [Server thread/INFO]: Wheat Growth Modifier: 100%
[17:24:05] [Server thread/INFO]: NetherWart Growth Modifier: 100%
[17:24:05] [Server thread/INFO]: Entity Activation Range: An 32 / Mo 32 / Mi 16
[17:24:05] [Server thread/INFO]: Entity Tracking Range: Pl 48 / An 48 / Mo 48 / Mi 32 / Other 64
[17:24:05] [Server thread/INFO]: Hopper Transfer: 8 Hopper Check: 8 Hopper Amount: 1
[17:24:05] [Server thread/INFO]: Random Lighting Updates: false
[17:24:05] [Server thread/INFO]: Structure Info Saving: true
[17:24:05] [Server thread/INFO]: Mob Spawn Range: 4
[17:24:05] [Server thread/INFO]: Item Despawn Rate: 6000
[17:24:05] [Server thread/INFO]: Item Merge Radius: 2.5
[17:24:05] [Server thread/INFO]: Arrow Despawn Rate: 1200
[17:24:05] [Server thread/INFO]: Allow Zombie Pigmen to spawn from portal blocks: true
[17:24:05] [Server thread/INFO]: View Distance: 4
[17:24:05] [Server thread/INFO]: Zombie Aggressive Towards Villager: true
[17:24:05] [Server thread/INFO]: Chunks to Grow per Tick: 650
[17:24:05] [Server thread/INFO]: Clear tick list: false
[17:24:05] [Server thread/INFO]: Experience Merge Radius: 3.0
[17:24:05] [Server thread/INFO]: -------- World Settings For [world] --------
[17:24:05] [Server thread/INFO]: Player blocking damage multiplier set to 0.5
[17:24:05] [Server thread/INFO]: Remove invalid mob spawner tile entities: true
[17:24:05] [Server thread/INFO]: Squids will spawn between Y: 45.0 and Y: 63.0
[17:24:05] [Server thread/INFO]: Max height for cactus growth 3. Max height for reed growth 3
[17:24:05] [Server thread/INFO]: Living Entity Despawn Ranges:  Soft: 32 Hard: 128
[17:24:05] [Server thread/INFO]: Water over lava flow speed: 5
[17:24:05] [Server thread/INFO]: Fix TNT cannons: false
[17:24:05] [Server thread/INFO]: Allow undead horse types to be leashed: false
[17:24:05] [Server thread/INFO]: Keep spawn chunk loaded: true
[17:24:05] [Server thread/INFO]: WorldServer TickNextTick cap set at 10000
[17:24:05] [Server thread/INFO]: WorldServer TickNextTickList cap always processes redstone: false
[17:24:05] [Server thread/INFO]: World async lighting: false
[17:24:05] [Server thread/INFO]: -------- World Settings For [world_nether] --------
[17:24:05] [Server thread/INFO]: Sending up to 10 chunks per packet
[17:24:05] [Server thread/INFO]: Max Entity Collisions: 8
[17:24:05] [Server thread/INFO]: Custom Map Seeds:  Village: 10387312 Feature: 14357617
[17:24:05] [Server thread/INFO]: Max TNT Explosions: 100
[17:24:05] [Server thread/INFO]: Tile Max Tick Time: 50ms Entity max Tick Time: 50ms
[17:24:05] [Server thread/INFO]: Anti X-Ray: true
[17:24:05] [Server thread/INFO]: 	Engine Mode: 1
[17:24:05] [Server thread/INFO]: 	Hidden Blocks: [14, 15, 16, 21, 48, 49, 54, 56, 73, 74, 82, 129, 130]
[17:24:05] [Server thread/INFO]: 	Replace Blocks: [1, 5]
[17:24:05] [Server thread/INFO]: Nerfing mobs spawned from spawners: false
[17:24:05] [Server thread/INFO]: Cactus Growth Modifier: 100%
[17:24:05] [Server thread/INFO]: Cane Growth Modifier: 100%
[17:24:05] [Server thread/INFO]: Melon Growth Modifier: 100%
[17:24:05] [Server thread/INFO]: Mushroom Growth Modifier: 100%
[17:24:05] [Server thread/INFO]: Pumpkin Growth Modifier: 100%
[17:24:05] [Server thread/INFO]: Sapling Growth Modifier: 100%
[17:24:05] [Server thread/INFO]: Wheat Growth Modifier: 100%
[17:24:05] [Server thread/INFO]: NetherWart Growth Modifier: 100%
[17:24:05] [Server thread/INFO]: Entity Activation Range: An 32 / Mo 32 / Mi 16
[17:24:05] [Server thread/INFO]: Entity Tracking Range: Pl 48 / An 48 / Mo 48 / Mi 32 / Other 64
[17:24:05] [Server thread/INFO]: Hopper Transfer: 8 Hopper Check: 8 Hopper Amount: 1
[17:24:05] [Server thread/INFO]: Random Lighting Updates: false
[17:24:05] [Server thread/INFO]: Structure Info Saving: true
[17:24:05] [Server thread/INFO]: Mob Spawn Range: 4
[17:24:05] [Server thread/INFO]: Item Despawn Rate: 6000
[17:24:05] [Server thread/INFO]: Item Merge Radius: 2.5
[17:24:05] [Server thread/INFO]: Arrow Despawn Rate: 1200
[17:24:05] [Server thread/INFO]: Allow Zombie Pigmen to spawn from portal blocks: true
[17:24:05] [Server thread/INFO]: View Distance: 4
[17:24:05] [Server thread/INFO]: Zombie Aggressive Towards Villager: true
[17:24:05] [Server thread/INFO]: Chunks to Grow per Tick: 650
[17:24:05] [Server thread/INFO]: Clear tick list: false
[17:24:05] [Server thread/INFO]: Experience Merge Radius: 3.0
[17:24:05] [Server thread/INFO]: -------- World Settings For [world_nether] --------
[17:24:05] [Server thread/INFO]: Player blocking damage multiplier set to 0.5
[17:24:05] [Server thread/INFO]: Remove invalid mob spawner tile entities: true
[17:24:05] [Server thread/INFO]: Squids will spawn between Y: 45.0 and Y: 63.0
[17:24:05] [Server thread/INFO]: Max height for cactus growth 3. Max height for reed growth 3
[17:24:05] [Server thread/INFO]: Living Entity Despawn Ranges:  Soft: 32 Hard: 128
[17:24:05] [Server thread/INFO]: Water over lava flow speed: 5
[17:24:05] [Server thread/INFO]: Fix TNT cannons: false
[17:24:05] [Server thread/INFO]: Allow undead horse types to be leashed: false
[17:24:05] [Server thread/INFO]: Keep spawn chunk loaded: true
[17:24:05] [Server thread/INFO]: WorldServer TickNextTick cap set at 10000
[17:24:05] [Server thread/INFO]: WorldServer TickNextTickList cap always processes redstone: false
[17:24:05] [Server thread/INFO]: World async lighting: false
[17:24:05] [Server thread/INFO]: -------- World Settings For [world_the_end] --------
[17:24:05] [Server thread/INFO]: Sending up to 10 chunks per packet
[17:24:05] [Server thread/INFO]: Max Entity Collisions: 8
[17:24:05] [Server thread/INFO]: Custom Map Seeds:  Village: 10387312 Feature: 14357617
[17:24:05] [Server thread/INFO]: Max TNT Explosions: 100
[17:24:05] [Server thread/INFO]: Tile Max Tick Time: 50ms Entity max Tick Time: 50ms
[17:24:05] [Server thread/INFO]: Anti X-Ray: true
[17:24:05] [Server thread/INFO]: 	Engine Mode: 1
[17:24:05] [Server thread/INFO]: 	Hidden Blocks: [14, 15, 16, 21, 48, 49, 54, 56, 73, 74, 82, 129, 130]
[17:24:05] [Server thread/INFO]: 	Replace Blocks: [1, 5]
[17:24:05] [Server thread/INFO]: Nerfing mobs spawned from spawners: false
[17:24:05] [Server thread/INFO]: Cactus Growth Modifier: 100%
[17:24:05] [Server thread/INFO]: Cane Growth Modifier: 100%
[17:24:05] [Server thread/INFO]: Melon Growth Modifier: 100%
[17:24:05] [Server thread/INFO]: Mushroom Growth Modifier: 100%
[17:24:05] [Server thread/INFO]: Pumpkin Growth Modifier: 100%
[17:24:05] [Server thread/INFO]: Sapling Growth Modifier: 100%
[17:24:05] [Server thread/INFO]: Wheat Growth Modifier: 100%
[17:24:05] [Server thread/INFO]: NetherWart Growth Modifier: 100%
[17:24:05] [Server thread/INFO]: Entity Activation Range: An 32 / Mo 32 / Mi 16
[17:24:05] [Server thread/INFO]: Entity Tracking Range: Pl 48 / An 48 / Mo 48 / Mi 32 / Other 64
[17:24:05] [Server thread/INFO]: Hopper Transfer: 8 Hopper Check: 8 Hopper Amount: 1
[17:24:05] [Server thread/INFO]: Random Lighting Updates: false
[17:24:05] [Server thread/INFO]: Structure Info Saving: true
[17:24:05] [Server thread/INFO]: Mob Spawn Range: 4
[17:24:05] [Server thread/INFO]: Item Despawn Rate: 6000
[17:24:05] [Server thread/INFO]: Item Merge Radius: 2.5
[17:24:05] [Server thread/INFO]: Arrow Despawn Rate: 1200
[17:24:05] [Server thread/INFO]: Allow Zombie Pigmen to spawn from portal blocks: true
[17:24:05] [Server thread/INFO]: View Distance: 4
[17:24:05] [Server thread/INFO]: Zombie Aggressive Towards Villager: true
[17:24:05] [Server thread/INFO]: Chunks to Grow per Tick: 650
[17:24:05] [Server thread/INFO]: Clear tick list: false
[17:24:05] [Server thread/INFO]: Experience Merge Radius: 3.0
[17:24:05] [Server thread/INFO]: -------- World Settings For [world_the_end] --------
[17:24:05] [Server thread/INFO]: Player blocking damage multiplier set to 0.5
[17:24:05] [Server thread/INFO]: Remove invalid mob spawner tile entities: true
[17:24:05] [Server thread/INFO]: Squids will spawn between Y: 45.0 and Y: 63.0
[17:24:05] [Server thread/INFO]: Max height for cactus growth 3. Max height for reed growth 3
[17:24:05] [Server thread/INFO]: Living Entity Despawn Ranges:  Soft: 32 Hard: 128
[17:24:05] [Server thread/INFO]: Water over lava flow speed: 5
[17:24:05] [Server thread/INFO]: Fix TNT cannons: false
[17:24:05] [Server thread/INFO]: Allow undead horse types to be leashed: false
[17:24:05] [Server thread/INFO]: Keep spawn chunk loaded: true
[17:24:05] [Server thread/INFO]: WorldServer TickNextTick cap set at 10000
[17:24:05] [Server thread/INFO]: WorldServer TickNextTickList cap always processes redstone: false
[17:24:05] [Server thread/INFO]: World async lighting: false
[17:24:05] [Server thread/INFO]: Preparing start region for level 0 (Seed: -5069233241336574245)
[17:24:06] [Server thread/INFO]: Preparing start region for level 1 (Seed: -5069233241336574245)
[17:24:06] [Server thread/INFO]: Preparing start region for level 2 (Seed: -5069233241336574245)
[17:24:06] [Server thread/INFO]: Server permissions file permissions.yml is empty, ignoring it
[17:24:06] [Server thread/INFO]: Done (1.832s)! For help, type "help" or "?"
[17:24:06] [Server thread/INFO]: Timings Reset
[17:24:29] [Server thread/INFO]: Unknown command. Type "/help" for help.[m
[17:25:50] [Thread-5/INFO]: UUID of player Lacklusta is a210f21b-5e16-3168-894d-ef045ebf03b3
[17:25:50] [Server thread/INFO]: Lacklusta[/192.168.129.15:38476] logged in with entity id 99 at ([world]-806.0783355511879, 74.0, 528.3000000119209)
[17:26:02] [Server thread/INFO]: Lacklusta lost connection: Disconnected
[17:26:02] [Server thread/INFO]: Lacklusta left the game.
[17:34:06] [Server thread/WARN]: net.minecraft.server.v1_8_R3.ExceptionWorldConflict: Failed to check session lock for world located at ./world, aborting. Stop the server and delete the session.lock in this world to prevent further issues.
[17:34:06] [Server thread/WARN]: 	at net.minecraft.server.v1_8_R3.WorldNBTStorage.checkSession(WorldNBTStorage.java:80)
[17:34:06] [Server thread/WARN]: 	at net.minecraft.server.v1_8_R3.World.checkSession(World.java:2976)
[17:34:06] [Server thread/WARN]: 	at net.minecraft.server.v1_8_R3.WorldServer.a(WorldServer.java:984)
[17:34:06] [Server thread/WARN]: 	at net.minecraft.server.v1_8_R3.WorldServer.save(WorldServer.java:956)
[17:34:06] [Server thread/WARN]: 	at org.bukkit.craftbukkit.v1_8_R3.CraftWorld.save(CraftWorld.java:777)
[17:34:06] [Server thread/WARN]: 	at net.minecraft.server.v1_8_R3.MinecraftServer.A(MinecraftServer.java:738)
[17:34:06] [Server thread/WARN]: 	at net.minecraft.server.v1_8_R3.MinecraftServer.run(MinecraftServer.java:616)
[17:34:06] [Server thread/WARN]: 	at java.base/java.lang.Thread.run(Thread.java:829)
