[17:24:43] [main/INFO]: Using mbed TLS based native cipher.
[17:24:43] [main/INFO]: Using zlib based native compressor.
[17:24:43] [main/INFO]: Enabled Waterfall version git:Waterfall-Bootstrap:1.19-R0.1-SNAPSHOT:f6069e2:513
[17:24:44] [main/INFO]: Not on Windows, attempting to use enhanced EpollEventLoop
[17:24:44] [main/INFO]: Epoll is working, utilising it!
[17:24:44] [main/INFO]: Discovered module: ModuleSpec(name=cmd_alert, file=modules/cmd_alert.jar, provider=JenkinsModuleSource())
[17:24:44] [main/INFO]: Discovered module: ModuleSpec(name=cmd_find, file=modules/cmd_find.jar, provider=JenkinsModuleSource())
[17:24:44] [main/INFO]: Discovered module: ModuleSpec(name=cmd_list, file=modules/cmd_list.jar, provider=JenkinsModuleSource())
[17:24:44] [main/INFO]: Discovered module: ModuleSpec(name=cmd_send, file=modules/cmd_send.jar, provider=JenkinsModuleSource())
[17:24:44] [main/INFO]: Discovered module: ModuleSpec(name=cmd_server, file=modules/cmd_server.jar, provider=JenkinsModuleSource())
[17:24:44] [main/INFO]: Discovered module: ModuleSpec(name=reconnect_yaml, file=modules/reconnect_yaml.jar, provider=JenkinsModuleSource())
[17:24:44] [main/INFO]: Loaded plugin reconnect_yaml version git:reconnect_yaml:1.19-R0.1-SNAPSHOT:f6069e2:513 by WaterfallMC
[17:24:44] [main/INFO]: Loaded plugin cmd_find version git:cmd_find:1.19-R0.1-SNAPSHOT:f6069e2:513 by WaterfallMC
[17:24:44] [main/INFO]: Loaded plugin cmd_server version git:cmd_server:1.19-R0.1-SNAPSHOT:f6069e2:513 by WaterfallMC
[17:24:44] [main/INFO]: Loaded plugin cmd_alert version git:cmd_alert:1.19-R0.1-SNAPSHOT:f6069e2:513 by WaterfallMC
[17:24:44] [main/INFO]: Loaded plugin cmd_send version git:cmd_send:1.19-R0.1-SNAPSHOT:f6069e2:513 by WaterfallMC
[17:24:44] [main/INFO]: Loaded plugin cmd_list version git:cmd_list:1.19-R0.1-SNAPSHOT:f6069e2:513 by WaterfallMC
[17:24:44] [main/WARN]: :>:>:>:>:>:>:>:>:>:>:>:>:>:>:>:>:>:>:>:>:>:>:>
[17:24:44] [main/WARN]: :>  
[17:24:44] [main/WARN]: :>      EAGLERCRAFTXBUNGEE WARNING:
[17:24:44] [main/WARN]: :>  
[17:24:44] [main/WARN]: :>  This plugin wasn't tested to be 'working'
[17:24:44] [main/WARN]: :>  with ANY version of BungeeCord (and forks)
[17:24:44] [main/WARN]: :>  apart from the versions listed below:
[17:24:44] [main/WARN]: :>  
[17:24:44] [main/WARN]: :>  - BungeeCord: 1.20-R0.3-SNAPSHOT:18eae8a:1842
[17:24:44] [main/WARN]: :>  - Waterfall: 1.20-R0.3-SNAPSHOT:37a9ace:577
[17:24:44] [main/WARN]: :>  
[17:24:44] [main/WARN]: :>  This is not a Bukkit/Spigot plugin!
[17:24:44] [main/WARN]: :>  
[17:24:44] [main/WARN]: :>  Use "-Deaglerxbungee.stfu=true" to hide
[17:24:44] [main/WARN]: :>  
[17:24:44] [main/WARN]: :>:>:>:>:>:>:>:>:>:>:>:>:>:>:>:>:>:>:>:>:>:>:>
[17:24:44] [main/INFO]: Loaded plugin EaglercraftXBungee version 1.1.1 by lax1dude
[17:24:44] [main/WARN]: Forced host server pvp is not defined
[17:24:44] [main/INFO]: Enabled plugin reconnect_yaml version git:reconnect_yaml:1.19-R0.1-SNAPSHOT:f6069e2:513 by WaterfallMC
[17:24:44] [main/INFO]: Enabled plugin cmd_find version git:cmd_find:1.19-R0.1-SNAPSHOT:f6069e2:513 by WaterfallMC
[17:24:44] [main/INFO]: Enabled plugin cmd_server version git:cmd_server:1.19-R0.1-SNAPSHOT:f6069e2:513 by WaterfallMC
[17:24:44] [main/INFO]: Enabled plugin cmd_alert version git:cmd_alert:1.19-R0.1-SNAPSHOT:f6069e2:513 by WaterfallMC
[17:24:44] [main/INFO]: Enabled plugin cmd_send version git:cmd_send:1.19-R0.1-SNAPSHOT:f6069e2:513 by WaterfallMC
[17:24:44] [main/INFO]: Enabled plugin cmd_list version git:cmd_list:1.19-R0.1-SNAPSHOT:f6069e2:513 by WaterfallMC
[17:24:44] [main/ERROR] [EaglercraftXBungee]: Online mode is set to false! Authentication system has been disabled
[17:24:44] [Netty Worker IO Thread #0/INFO] [EaglercraftXBungee]: Eaglercraft is listening on: /0.0.0.0:8081
[17:24:44] [main/INFO] [EaglercraftXBungee]: Downloading from maven: https://repo1.maven.org/maven2/org/xerial/sqlite-jdbc/3.45.0.0/sqlite-jdbc-3.45.0.0.jar
[17:24:44] [EaglerXBungee: Network Tick Tasks/INFO] [EaglercraftXBungee]: Downloading new certificate: https://eaglercraft.com/backup.cert
[17:24:44] [main/INFO] [EaglercraftXBungee]: Connected to database: jdbc:sqlite:eaglercraft_skins_cache.db
[17:24:44] [main/INFO] [EaglercraftXBungee]: Voice chat disabled, add "allow_voice: true" to your listeners to enable
[17:24:44] [main/INFO]: Enabled plugin EaglercraftXBungee version 1.1.1 by lax1dude
[17:24:44] [Netty Boss IO Thread #0/INFO]: Listening on /127.0.0.1:25577
[17:24:45] [EaglerXBungee: Network Tick Tasks/INFO] [EaglercraftXBungee]: Loaded certificate: /workspace/EaglerServer/bungee/plugins/EaglercraftXBungee/eagcert/$dl.11da5ec1e9d8efe3fa0e9998b0c264f5c8cb155f.cert
[17:25:48] [Netty Worker IO Thread #1/WARN] [EaglercraftXBungee]: Server icon is not a file: /workspace/EaglerServer/bungee/server-icon.png
[17:25:50] [Netty Worker IO Thread #2/INFO] [EaglercraftXBungee]: [/192.168.129.15:36648]: Connected via websocket
[17:25:50] [Netty Worker IO Thread #2/INFO] [EaglercraftXBungee]: [/192.168.129.15:36648]: Origin header is null
[17:25:50] [Netty Worker IO Thread #2/INFO] [EaglercraftXBungee]: [/192.168.129.15:36648]: Logged in as 'Lacklusta'
[17:25:50] [Netty Worker IO Thread #2/INFO]: [/192.168.129.15:36648|Lacklusta] -> UpstreamBridge has connected
[17:25:50] [Netty Worker IO Thread #2/INFO]: [Lacklusta|/192.168.129.15:36648] <-> ServerConnector [lobby] has connected
[17:26:02] [Netty Worker IO Thread #2/INFO]: [/192.168.129.15:36648|Lacklusta] -> UpstreamBridge has disconnected
[17:26:02] [Netty Worker IO Thread #2/INFO]: [Lacklusta] disconnected with: Proxy lost connection to server.
[17:26:02] [Netty Worker IO Thread #2/INFO]: [/192.168.129.15:36648|Lacklusta] <-> DownstreamBridge <-> [lobby] has disconnected
